<?xml version="1.0" encoding="UTF-8"?>
<!-- Generated by org.testng.reporters.JUnitReportReporter -->
<testsuite skipped="0" hostname="LAPTOP-0HA3NO3K" name="verify.verify" tests="1" failures="0" timestamp="24 Apr 2017 21:44:03 GMT" time="18.153" errors="0">
  <testcase name="verifyTitle" time="18.153" classname="verify.verify"/>
</testsuite> <!-- verify.verify -->
